<?xml version="1.0" encoding="UTF-8"?>
<Site BuildName="(empty)"
	BuildStamp="20240513-1335-Experimental"
	Name="nipun-virtual-machine"
	Generator="ctest-3.22.1"
	CompilerName="/usr/bin/g++"
	CompilerVersion="11.4.0"
	OSName="Linux"
	Hostname="nipun-virtual-machine"
	OSRelease="6.5.0-28-generic"
	OSVersion="#29~22.04.1-Ubuntu SMP PREEMPT_DYNAMIC Thu Apr  4 14:39:20 UTC 2"
	OSPlatform="x86_64"
	Is64Bits="1"
	VendorString="GenuineIntel"
	VendorID="Intel Corporation"
	FamilyID="6"
	ModelID="158"
	ProcessorCacheSize="8192"
	NumberOfLogicalCPU="3"
	NumberOfPhysicalCPU="3"
	TotalVirtualMemory="2047"
	TotalPhysicalMemory="11952"
	LogicalProcessorsPerPhysical="1"
	ProcessorClockFrequency="2400"
	>
	<Testing>
		<StartDateTime>May 13 21:40 IST</StartDateTime>
		<StartTestTime>1715616638</StartTestTime>
		<TestList/>
		<EndDateTime>May 13 21:40 IST</EndDateTime>
		<EndTestTime>1715616638</EndTestTime>
		<ElapsedMinutes>0</ElapsedMinutes>
	</Testing>
</Site>
